# JRE version: OpenJDK Runtime Environment (8.0_202-b03) (build 1.8.0_202-release-1483-b03)
# Java VM: OpenJDK 64-Bit Server VM (25.202-b03 mixed mode windows-amd64 compressed oops)
Heap:
 PSYoungGen      total 162816K, used 108866K [0x00000000e0000000, 0x00000000eb380000, 0x0000000100000000)
  eden space 146944K, 63% used [0x00000000e0000000,0x00000000e5ad6248,0x00000000e8f80000)
  from space 15872K, 99% used [0x00000000ea400000,0x00000000eb37a768,0x00000000eb380000)
  to   space 17920K, 0% used [0x00000000e9080000,0x00000000e9080000,0x00000000ea200000)
 ParOldGen       total 73216K, used 42736K [0x00000000a0000000, 0x00000000a4780000, 0x00000000e0000000)
  object space 73216K, 58% used [0x00000000a0000000,0x00000000a29bc370,0x00000000a4780000)
 Metaspace       used 73882K, capacity 76190K, committed 76416K, reserved 1116160K
  class space    used 9787K, capacity 10316K, committed 10368K, reserved 1048576K
GC Heap History (10 events):
Event: 63.298 GC heap before
{Heap before GC invocations=13 (full 2):
 PSYoungGen      total 171520K, used 95170K [0x00000000e0000000, 0x00000000eb980000, 0x0000000100000000)
  eden space 159232K, 52% used [0x00000000e0000000,0x00000000e50f69c8,0x00000000e9b80000)
  from space 12288K, 99% used [0x00000000ea980000,0x00000000eb57a050,0x00000000eb580000)
  to   space 14336K, 0% used [0x00000000e9b80000,0x00000000e9b80000,0x00000000ea980000)
 ParOldGen       total 73216K, used 20197K [0x00000000a0000000, 0x00000000a4780000, 0x00000000e0000000)
  object space 73216K, 27% used [0x00000000a0000000,0x00000000a13b94d8,0x00000000a4780000)
 Metaspace       used 52626K, capacity 54066K, committed 54144K, reserved 1099776K
  class space    used 7109K, capacity 7490K, committed 7552K, reserved 1048576K
Event: 63.316 GC heap after
Heap after GC invocations=13 (full 2):
 PSYoungGen      total 173568K, used 9673K [0x00000000e0000000, 0x00000000eb980000, 0x0000000100000000)
  eden space 159232K, 0% used [0x00000000e0000000,0x00000000e0000000,0x00000000e9b80000)
  from space 14336K, 67% used [0x00000000e9b80000,0x00000000ea4f27e0,0x00000000ea980000)
  to   space 12288K, 0% used [0x00000000ea980000,0x00000000ea980000,0x00000000eb580000)
 ParOldGen       total 73216K, used 26715K [0x00000000a0000000, 0x00000000a4780000, 0x00000000e0000000)
  object space 73216K, 36% used [0x00000000a0000000,0x00000000a1a16d30,0x00000000a4780000)
 Metaspace       used 52626K, capacity 54066K, committed 54144K, reserved 1099776K
  class space    used 7109K, capacity 7490K, committed 7552K, reserved 1048576K
}
Event: 63.316 GC heap before
{Heap before GC invocations=14 (full 3):
 PSYoungGen      total 173568K, used 9673K [0x00000000e0000000, 0x00000000eb980000, 0x0000000100000000)
  eden space 159232K, 0% used [0x00000000e0000000,0x00000000e0000000,0x00000000e9b80000)
  from space 14336K, 67% used [0x00000000e9b80000,0x00000000ea4f27e0,0x00000000ea980000)
  to   space 12288K, 0% used [0x00000000ea980000,0x00000000ea980000,0x00000000eb580000)
 ParOldGen       total 73216K, used 26715K [0x00000000a0000000, 0x00000000a4780000, 0x00000000e0000000)
  object space 73216K, 36% used [0x00000000a0000000,0x00000000a1a16d30,0x00000000a4780000)
 Metaspace       used 52626K, capacity 54066K, committed 54144K, reserved 1099776K
  class space    used 7109K, capacity 7490K, committed 7552K, reserved 1048576K
Event: 63.578 GC heap after
Heap after GC invocations=14 (full 3):
 PSYoungGen      total 173568K, used 0K [0x00000000e0000000, 0x00000000eb980000, 0x0000000100000000)
  eden space 159232K, 0% used [0x00000000e0000000,0x00000000e0000000,0x00000000e9b80000)
  from space 14336K, 0% used [0x00000000e9b80000,0x00000000e9b80000,0x00000000ea980000)
  to   space 12288K, 0% used [0x00000000ea980000,0x00000000ea980000,0x00000000eb580000)
 ParOldGen       total 73216K, used 30490K [0x00000000a0000000, 0x00000000a4780000, 0x00000000e0000000)
  object space 73216K, 41% used [0x00000000a0000000,0x00000000a1dc6848,0x00000000a4780000)
 Metaspace       used 52626K, capacity 54066K, committed 54144K, reserved 1097728K
  class space    used 7109K, capacity 7490K, committed 7552K, reserved 1048576K
}
Event: 74.581 GC heap before
{Heap before GC invocations=15 (full 3):
 PSYoungGen      total 173568K, used 159232K [0x00000000e0000000, 0x00000000eb980000, 0x0000000100000000)
  eden space 159232K, 100% used [0x00000000e0000000,0x00000000e9b80000,0x00000000e9b80000)
  from space 14336K, 0% used [0x00000000e9b80000,0x00000000e9b80000,0x00000000ea980000)
  to   space 12288K, 0% used [0x00000000ea980000,0x00000000ea980000,0x00000000eb580000)
 ParOldGen       total 73216K, used 30490K [0x00000000a0000000, 0x00000000a4780000, 0x00000000e0000000)
  object space 73216K, 41% used [0x00000000a0000000,0x00000000a1dc6848,0x00000000a4780000)
 Metaspace       used 61349K, capacity 63318K, committed 63616K, reserved 1103872K
  class space    used 8257K, capacity 8722K, committed 8832K, reserved 1048576K
Event: 74.597 GC heap after
Heap after GC invocations=15 (full 3):
 PSYoungGen      total 169472K, used 12284K [0x00000000e0000000, 0x00000000ee980000, 0x0000000100000000)
  eden space 157184K, 0% used [0x00000000e0000000,0x00000000e0000000,0x00000000e9980000)
  from space 12288K, 99% used [0x00000000ea980000,0x00000000eb57f310,0x00000000eb580000)
  to   space 16384K, 0% used [0x00000000e9980000,0x00000000e9980000,0x00000000ea980000)
 ParOldGen       total 73216K, used 33243K [0x00000000a0000000, 0x00000000a4780000, 0x00000000e0000000)
  object space 73216K, 45% used [0x00000000a0000000,0x00000000a2076db8,0x00000000a4780000)
 Metaspace       used 61349K, capacity 63318K, committed 63616K, reserved 1103872K
  class space    used 8257K, capacity 8722K, committed 8832K, reserved 1048576K
}
Event: 151.796 GC heap before
{Heap before GC invocations=16 (full 3):
 PSYoungGen      total 169472K, used 169468K [0x00000000e0000000, 0x00000000ee980000, 0x0000000100000000)
  eden space 157184K, 100% used [0x00000000e0000000,0x00000000e9980000,0x00000000e9980000)
  from space 12288K, 99% used [0x00000000ea980000,0x00000000eb57f310,0x00000000eb580000)
  to   space 16384K, 0% used [0x00000000e9980000,0x00000000e9980000,0x00000000ea980000)
 ParOldGen       total 73216K, used 33243K [0x00000000a0000000, 0x00000000a4780000, 0x00000000e0000000)
  object space 73216K, 45% used [0x00000000a0000000,0x00000000a2076db8,0x00000000a4780000)
 Metaspace       used 64696K, capacity 66806K, committed 67072K, reserved 1107968K
  class space    used 8659K, capacity 9136K, committed 9216K, reserved 1048576K
Event: 151.818 GC heap after
Heap after GC invocations=16 (full 3):
 PSYoungGen      total 161280K, used 9178K [0x00000000e0000000, 0x00000000eb380000, 0x0000000100000000)
  eden space 152064K, 0% used [0x00000000e0000000,0x00000000e0000000,0x00000000e9480000)
  from space 9216K, 99% used [0x00000000e9980000,0x00000000ea276820,0x00000000ea280000)
  to   space 15872K, 0% used [0x00000000ea400000,0x00000000ea400000,0x00000000eb380000)
 ParOldGen       total 73216K, used 42302K [0x00000000a0000000, 0x00000000a4780000, 0x00000000e0000000)
  object space 73216K, 57% used [0x00000000a0000000,0x00000000a294f830,0x00000000a4780000)
 Metaspace       used 64696K, capacity 66806K, committed 67072K, reserved 1107968K
  class space    used 8659K, capacity 9136K, committed 9216K, reserved 1048576K
}
Event: 207.079 GC heap before
{Heap before GC invocations=17 (full 3):
 PSYoungGen      total 161280K, used 161242K [0x00000000e0000000, 0x00000000eb380000, 0x0000000100000000)
  eden space 152064K, 100% used [0x00000000e0000000,0x00000000e9480000,0x00000000e9480000)
  from space 9216K, 99% used [0x00000000e9980000,0x00000000ea276820,0x00000000ea280000)
  to   space 15872K, 0% used [0x00000000ea400000,0x00000000ea400000,0x00000000eb380000)
 ParOldGen       total 73216K, used 42302K [0x00000000a0000000, 0x00000000a4780000, 0x00000000e0000000)
  object space 73216K, 57% used [0x00000000a0000000,0x00000000a294f830,0x00000000a4780000)
 Metaspace       used 68912K, capacity 71088K, committed 71168K, reserved 1112064K
  class space    used 9225K, capacity 9702K, committed 9728K, reserved 1048576K
Event: 207.098 GC heap after
Heap after GC invocations=17 (full 3):
 PSYoungGen      total 162816K, used 15849K [0x00000000e0000000, 0x00000000eb380000, 0x0000000100000000)
  eden space 146944K, 0% used [0x00000000e0000000,0x00000000e0000000,0x00000000e8f80000)
  from space 15872K, 99% used [0x00000000ea400000,0x00000000eb37a768,0x00000000eb380000)
  to   space 17920K, 0% used [0x00000000e9080000,0x00000000e9080000,0x00000000ea200000)
 ParOldGen       total 73216K, used 42736K [0x00000000a0000000, 0x00000000a4780000, 0x00000000e0000000)
  object space 73216K, 58% used [0x00000000a0000000,0x00000000a29bc370,0x00000000a4780000)
 Metaspace       used 68912K, capacity 71088K, committed 71168K, reserved 1112064K
  class space    used 9225K, capacity 9702K, committed 9728K, reserved 1048576K
}

