# JRE version: OpenJDK Runtime Environment (8.0_202-b03) (build 1.8.0_202-release-1483-b03)
# Java VM: OpenJDK 64-Bit Server VM (25.202-b03 mixed mode windows-amd64 compressed oops)
Heap:
 PSYoungGen      total 247808K, used 129789K [0x00000000e0000000, 0x00000000f0f80000, 0x0000000100000000)
  eden space 220160K, 58% used [0x00000000e0000000,0x00000000e7ebf458,0x00000000ed700000)
  from space 27648K, 0% used [0x00000000ed700000,0x00000000ed700000,0x00000000ef200000)
  to   space 28672K, 0% used [0x00000000ef380000,0x00000000ef380000,0x00000000f0f80000)
 ParOldGen       total 116736K, used 36807K [0x00000000a0000000, 0x00000000a7200000, 0x00000000e0000000)
  object space 116736K, 31% used [0x00000000a0000000,0x00000000a23f1ea8,0x00000000a7200000)
 Metaspace       used 91888K, capacity 94958K, committed 96856K, reserved 1132544K
  class space    used 12055K, capacity 12692K, committed 13184K, reserved 1048576K
GC Heap History (10 events):
Event: 3242.018 GC heap before
{Heap before GC invocations=16 (full 3):
 PSYoungGen      total 247808K, used 247797K [0x00000000e0000000, 0x00000000f1800000, 0x0000000100000000)
  eden space 228864K, 100% used [0x00000000e0000000,0x00000000edf80000,0x00000000edf80000)
  from space 18944K, 99% used [0x00000000f0580000,0x00000000f17fd7e8,0x00000000f1800000)
  to   space 28672K, 0% used [0x00000000ee000000,0x00000000ee000000,0x00000000efc00000)
 ParOldGen       total 116736K, used 42073K [0x00000000a0000000, 0x00000000a7200000, 0x00000000e0000000)
  object space 116736K, 36% used [0x00000000a0000000,0x00000000a2916440,0x00000000a7200000)
 Metaspace       used 81743K, capacity 84162K, committed 84312K, reserved 1122304K
  class space    used 10526K, capacity 11068K, committed 11136K, reserved 1048576K
Event: 3242.416 GC heap after
Heap after GC invocations=16 (full 3):
 PSYoungGen      total 233984K, used 13275K [0x00000000e0000000, 0x00000000f0c80000, 0x0000000100000000)
  eden space 220672K, 0% used [0x00000000e0000000,0x00000000e0000000,0x00000000ed780000)
  from space 13312K, 99% used [0x00000000ee000000,0x00000000eecf6c10,0x00000000eed00000)
  to   space 27136K, 0% used [0x00000000ef200000,0x00000000ef200000,0x00000000f0c80000)
 ParOldGen       total 116736K, used 60680K [0x00000000a0000000, 0x00000000a7200000, 0x00000000e0000000)
  object space 116736K, 51% used [0x00000000a0000000,0x00000000a3b42190,0x00000000a7200000)
 Metaspace       used 81743K, capacity 84162K, committed 84312K, reserved 1122304K
  class space    used 10526K, capacity 11068K, committed 11136K, reserved 1048576K
}
Event: 3656.125 GC heap before
{Heap before GC invocations=17 (full 3):
 PSYoungGen      total 233984K, used 208802K [0x00000000e0000000, 0x00000000f0c80000, 0x0000000100000000)
  eden space 220672K, 88% used [0x00000000e0000000,0x00000000ebef1ed0,0x00000000ed780000)
  from space 13312K, 99% used [0x00000000ee000000,0x00000000eecf6c10,0x00000000eed00000)
  to   space 27136K, 0% used [0x00000000ef200000,0x00000000ef200000,0x00000000f0c80000)
 ParOldGen       total 116736K, used 60680K [0x00000000a0000000, 0x00000000a7200000, 0x00000000e0000000)
  object space 116736K, 51% used [0x00000000a0000000,0x00000000a3b42190,0x00000000a7200000)
 Metaspace       used 92815K, capacity 96638K, committed 96856K, reserved 1132544K
  class space    used 12311K, capacity 13088K, committed 13184K, reserved 1048576K
Event: 3662.005 GC heap after
Heap after GC invocations=17 (full 3):
 PSYoungGen      total 247296K, used 18130K [0x00000000e0000000, 0x00000000f0d80000, 0x0000000100000000)
  eden space 220160K, 0% used [0x00000000e0000000,0x00000000e0000000,0x00000000ed700000)
  from space 27136K, 66% used [0x00000000ef200000,0x00000000f03b4860,0x00000000f0c80000)
  to   space 27648K, 0% used [0x00000000ed700000,0x00000000ed700000,0x00000000ef200000)
 ParOldGen       total 116736K, used 60688K [0x00000000a0000000, 0x00000000a7200000, 0x00000000e0000000)
  object space 116736K, 51% used [0x00000000a0000000,0x00000000a3b44190,0x00000000a7200000)
 Metaspace       used 92815K, capacity 96638K, committed 96856K, reserved 1132544K
  class space    used 12311K, capacity 13088K, committed 13184K, reserved 1048576K
}
Event: 3662.005 GC heap before
{Heap before GC invocations=18 (full 4):
 PSYoungGen      total 247296K, used 18130K [0x00000000e0000000, 0x00000000f0d80000, 0x0000000100000000)
  eden space 220160K, 0% used [0x00000000e0000000,0x00000000e0000000,0x00000000ed700000)
  from space 27136K, 66% used [0x00000000ef200000,0x00000000f03b4860,0x00000000f0c80000)
  to   space 27648K, 0% used [0x00000000ed700000,0x00000000ed700000,0x00000000ef200000)
 ParOldGen       total 116736K, used 60688K [0x00000000a0000000, 0x00000000a7200000, 0x00000000e0000000)
  object space 116736K, 51% used [0x00000000a0000000,0x00000000a3b44190,0x00000000a7200000)
 Metaspace       used 92815K, capacity 96638K, committed 96856K, reserved 1132544K
  class space    used 12311K, capacity 13088K, committed 13184K, reserved 1048576K
Event: 3696.542 GC heap after
Heap after GC invocations=18 (full 4):
 PSYoungGen      total 247296K, used 0K [0x00000000e0000000, 0x00000000f0d80000, 0x0000000100000000)
  eden space 220160K, 0% used [0x00000000e0000000,0x00000000e0000000,0x00000000ed700000)
  from space 27136K, 0% used [0x00000000ef200000,0x00000000ef200000,0x00000000f0c80000)
  to   space 27648K, 0% used [0x00000000ed700000,0x00000000ed700000,0x00000000ef200000)
 ParOldGen       total 116736K, used 52395K [0x00000000a0000000, 0x00000000a7200000, 0x00000000e0000000)
  object space 116736K, 44% used [0x00000000a0000000,0x00000000a332ae60,0x00000000a7200000)
 Metaspace       used 92353K, capacity 95600K, committed 96856K, reserved 1132544K
  class space    used 12183K, capacity 12859K, committed 13184K, reserved 1048576K
}
Event: 7296.646 GC heap before
{Heap before GC invocations=19 (full 4):
 PSYoungGen      total 247296K, used 36804K [0x00000000e0000000, 0x00000000f0d80000, 0x0000000100000000)
  eden space 220160K, 16% used [0x00000000e0000000,0x00000000e23f1178,0x00000000ed700000)
  from space 27136K, 0% used [0x00000000ef200000,0x00000000ef200000,0x00000000f0c80000)
  to   space 27648K, 0% used [0x00000000ed700000,0x00000000ed700000,0x00000000ef200000)
 ParOldGen       total 116736K, used 52395K [0x00000000a0000000, 0x00000000a7200000, 0x00000000e0000000)
  object space 116736K, 44% used [0x00000000a0000000,0x00000000a332ae60,0x00000000a7200000)
 Metaspace       used 92367K, capacity 95668K, committed 96856K, reserved 1132544K
  class space    used 12184K, capacity 12859K, committed 13184K, reserved 1048576K
Event: 7299.673 GC heap after
Heap after GC invocations=19 (full 4):
 PSYoungGen      total 247808K, used 256K [0x00000000e0000000, 0x00000000f0f80000, 0x0000000100000000)
  eden space 220160K, 0% used [0x00000000e0000000,0x00000000e0000000,0x00000000ed700000)
  from space 27648K, 0% used [0x00000000ed700000,0x00000000ed740000,0x00000000ef200000)
  to   space 28672K, 0% used [0x00000000ef380000,0x00000000ef380000,0x00000000f0f80000)
 ParOldGen       total 116736K, used 52403K [0x00000000a0000000, 0x00000000a7200000, 0x00000000e0000000)
  object space 116736K, 44% used [0x00000000a0000000,0x00000000a332ce60,0x00000000a7200000)
 Metaspace       used 92367K, capacity 95668K, committed 96856K, reserved 1132544K
  class space    used 12184K, capacity 12859K, committed 13184K, reserved 1048576K
}
Event: 7299.687 GC heap before
{Heap before GC invocations=20 (full 5):
 PSYoungGen      total 247808K, used 256K [0x00000000e0000000, 0x00000000f0f80000, 0x0000000100000000)
  eden space 220160K, 0% used [0x00000000e0000000,0x00000000e0000000,0x00000000ed700000)
  from space 27648K, 0% used [0x00000000ed700000,0x00000000ed740000,0x00000000ef200000)
  to   space 28672K, 0% used [0x00000000ef380000,0x00000000ef380000,0x00000000f0f80000)
 ParOldGen       total 116736K, used 52403K [0x00000000a0000000, 0x00000000a7200000, 0x00000000e0000000)
  object space 116736K, 44% used [0x00000000a0000000,0x00000000a332ce60,0x00000000a7200000)
 Metaspace       used 92367K, capacity 95668K, committed 96856K, reserved 1132544K
  class space    used 12184K, capacity 12859K, committed 13184K, reserved 1048576K
Event: 7316.937 GC heap after
Heap after GC invocations=20 (full 5):
 PSYoungGen      total 247808K, used 0K [0x00000000e0000000, 0x00000000f0f80000, 0x0000000100000000)
  eden space 220160K, 0% used [0x00000000e0000000,0x00000000e0000000,0x00000000ed700000)
  from space 27648K, 0% used [0x00000000ed700000,0x00000000ed700000,0x00000000ef200000)
  to   space 28672K, 0% used [0x00000000ef380000,0x00000000ef380000,0x00000000f0f80000)
 ParOldGen       total 116736K, used 36807K [0x00000000a0000000, 0x00000000a7200000, 0x00000000e0000000)
  object space 116736K, 31% used [0x00000000a0000000,0x00000000a23f1ea8,0x00000000a7200000)
 Metaspace       used 91179K, capacity 93980K, committed 96856K, reserved 1132544K
  class space    used 11988K, capacity 12567K, committed 13184K, reserved 1048576K
}

